###############################################################################
#                                                                             #
#     IAR Assembler V5.50.1.50465/W32  for MSP430 30/Apr/2013  20:54:08       #
#     Copyright 1996-2012 IAR Systems AB.                                     #
#                                                                             #
#           Target option =  MSP430                                           #
#           Source file   =  C:\Users\157_13\Pictures\Module Construction\multiple module\interface.s43#
#           List file     =  C:\Users\157_13\Pictures\Module Construction\multiple module\Debug\List\interface.lst#
#           Object file   =  C:\Users\157_13\Pictures\Module Construction\multiple module\Debug\Obj\interface.r43#
#           Command line  =  C:\Users\157_13\Pictures\Module Construction\multiple module\interface.s43 #
#                            -OC:\Users\157_13\Pictures\Module Construction\multiple module\Debug\Obj\ #
#                            -s+ -M<> -w+                                     #
#                            -LC:\Users\157_13\Pictures\Module Construction\multiple module\Debug\List\ #
#                            -cE -t8 -r -D__MSP430G2553__                     #
#                            -IC:\Program Files (x86)\IAR Systems\Embedded Workbench 6.4 Kickstart\430\INC\ #
#                                                                             #
###############################################################################

      1    000200              #include "msp430.h"                            
                                ; #define controlled include file
      2    000200              
      3    000200                              NAME    interface              
                                ; module name
      4    000200              
      5    000000                              PUBLIC  INIT_HARDWARE          
  ; make the main label visible outside this file
      6    000200                
      7    000200                              ORG     0x200
      8    000200                                                
      9    000000                              RSEG    CODE                   
  ; place program code in 'CODE' segment
     10    000000              ;-----------------------------------------------
                               --------------------------------; All pins are
                                set to the required settings
     11    000000               INIT_HARDWARE:                                 
                                                               ; IN: None
     12    000000              ;-----------------------------------------------
                               --------------------------------; OUT: Setup
                                pins
     13    000000              
     14    000000 F2D0E0002200 SetupP1         BIS.B   #11100000b, &P1DIR     
  ; P1.5, 1.6, and 1.7 as output
     15    000006 F2D007002200                 BIS.B   #00000111b, &P1DIR     
  ; P2.0, 2.1, and 2.2 as output
     16    00000C F2D040002600                 BIS.B   #01000000b, &P1SEL     
  ; P1.6 controlled by PWM
     17    000012 E2C32600                     BIC.B   #00000010b, &P1SEL     
  ; Set chip select to low since it is active low
     18    000016 E2D22200                     BIS.B   #00000100b, &P1DIR     
  ; Set reset to high since it is active low
     19    00001A              
     20    00001A B24064007201 SetupC0         MOV.W   #100,&TA0CCR0          ;
  PWM period, 1MHz clock -> 1000000/100 = 10000Hz (1/10000s period)
     21    000020 B2D0E0006401 SetupC1         BIS.W   #OUTMOD_7, &TA0CCTL1   
  ; CCR1 reset/set
     22    000026 B2400A007401                 MOV.W   #10, &TA0CCR1          
  ; PWM duty cycle = TA0CCR1/TA0CCR0 = 10/100 = 10%  (default)
     23    00002C                    
     24    00002C B24010026001 SetupTA         MOV.W   #TASSEL_2+MC_1,&TACTL  
  ; SMLCK, count up mode
     25    000032              
     26    000032 1A40CCFF                     MOV.W   0h, R10                
  ; Register used to hold backlight brightness number (used to change TA0CCR1 to
  modify the duty cycle)
     27    000036              
     28    000036 3041                         RET
     29    000038              
     30    000038              END
##############################
#          CRC:AA6B          #
#        Errors:   0         #
#        Warnings: 0         #
#         Bytes: 56          #
##############################



