###############################################################################
#                                                                             #
#     IAR Assembler V5.50.1.50465/W32  for MSP430 18/Apr/2013  21:26:37       #
#     Copyright 1996-2012 IAR Systems AB.                                     #
#                                                                             #
#           Target option =  MSP430                                           #
#           Source file   =  C:\Documents\multiple module\low.s43             #
#           List file     =  C:\Documents\multiple module\Debug\List\low.lst  #
#           Object file   =  C:\Documents\multiple module\Debug\Obj\low.r43   #
#           Command line  =  C:\Documents\multiple module\low.s43             #
#                            -OC:\Documents\multiple module\Debug\Obj\ -s+    #
#                            -M<> -w+                                         #
#                            -LC:\Documents\multiple module\Debug\List\ -cE   #
#                            -t8 -r -D__MSP430G2553__                         #
#                            -IC:\Program Files (x86)\IAR Systems\Embedded Workbench 6.4 Kickstart\430\INC\ #
#                                                                             #
###############################################################################

      1    000000                      NAME    LOW                    ; module
                                name
      2    000000              
      3    000000              
      4    000000              
      5    000000                      PUBLIC  LOW1                    ; make
                                                                        the
                                                                        low1
                                                                        label
                                                                        visible
                                                                        outside
                                                                        this
                                                                        file
      6    000000                      PUBLIC  LOW2                    ; make
                                                                        the
                                                                        low2
                                                                        label
                                                                        visible
                                                                        outside
                                                                        this
                                                                        file
      7    000000                      
      8    000000                      
      9    000000                      RSEG    CODE                    ; place
  program in 'CODE' segment
     10    000000                      
     11    000000              ;-----------------------------------------------
                               --------------------------------; Purpose of
                                Function – what it does
     12    000000               LOW1:                                          
                                                                ; IN: List of
                                inputs (ex. b_memory, BIT3 of w_flag)
     13    000000              ;-----------------------------------------------
                               --------------------------------; OUT: List of
                                outputs        
     14    000000              
     15    000000              
     16    000000 3041                 ret
     17    000002              
     18    000002              
     19    000002              
     20    000002              
     21    000002              ;-----------------------------------------------
                               --------------------------------; Purpose of
                                Function – what it does
     22    000002               LOW2:                                          
                                                               ; IN: List of
                                inputs (ex. b_memory, BIT3 of w_flag)
     23    000002              ;-----------------------------------------------
                               --------------------------------; OUT: List of
                                outputs
     24    000002                              
     25    000002 3041                 ret
     26    000004              
     27    000004              
     28    000004              
     29    000004              
     30    000004                      END
##############################
#          CRC:D48B          #
#        Errors:   0         #
#        Warnings: 0         #
#          Bytes: 4          #
##############################



