###############################################################################
#                                                                             #
#     IAR Assembler V5.50.1.50465/W32  for MSP430 18/Apr/2013  21:26:17       #
#     Copyright 1996-2012 IAR Systems AB.                                     #
#                                                                             #
#           Target option =  MSP430                                           #
#           Source file   =  C:\Documents\multiple module\mysub.s43           #
#           List file     =  C:\Documents\multiple module\Debug\List\mysub.lst#
#           Object file   =  C:\Documents\multiple module\Debug\Obj\mysub.r43 #
#           Command line  =  C:\Documents\multiple module\mysub.s43           #
#                            -OC:\Documents\multiple module\Debug\Obj\ -s+    #
#                            -M<> -w+                                         #
#                            -LC:\Documents\multiple module\Debug\List\ -cE   #
#                            -t8 -r -D__MSP430G2553__                         #
#                            -IC:\Program Files (x86)\IAR Systems\Embedded Workbench 6.4 Kickstart\430\INC\ #
#                                                                             #
###############################################################################

      1    000200                      NAME    mysub                   ; module
                                name
      2    000000                      EXTERN  LOW1                    ;
                                                                        declare
                                                                        an
                                                                        externa
                                                                       lly
                                                                        (other
                                                                        file)
                                                                        defined
                                                                        subrout
                                                                       ine
      3    000000                      EXTERN  LOW2                    ;
                                                                        declare
                                                                        an
                                                                        externa
                                                                       lly
                                                                        (other
                                                                        file)
                                                                        defined
                                                                        subrout
                                                                       ine
      4    000200              
      5    000000                      PUBLIC  myvar                   ; make
                                                                        the
                                                                        myvar
                                                                        label
                                                                        visible
                                                                        outside
                                                                        this
                                                                        file
      6    000000                      PUBLIC  MYSUB                   ; make
                                                                        the
                                                                        main
                                                                        label
                                                                        visible
                                                                        outside
                                                                        this
                                                                        file
      7    000200                
      8    000200                      ORG    0x200
      9    000200 01           myvar   DB      01        
     10    000201                                                     
                                
     11    000201                                                     
                                
     12    000201                                                     
                                
     13    000000                      RSEG    CODE                    ; place
  program code in 'CODE' segment
     14    000000              ;-----------------------------------------------
                               --------------------------------; Purpose of
                                Function – what it does
     15    000000               MYSUB:                                         
                                                               ; IN: List of
                                inputs (ex. b_memory, BIT3 of w_flag)
     16    000000              ;-----------------------------------------------
                               --------------------------------; OUT: List of
                                outputs
     17    000000              
     18    000000                
     19    000000              
     20    000000 35403412             mov.w #1234h, R5
     21    000004              
     22    000004 B012....             call #LOW1
     23    000008              
     24    000008 B012....             call #LOW2
     25    00000C              
     26    00000C 3041                 ret
     27    00000E              
     28    00000E              END
##############################
#          CRC:31ED          #
#        Errors:   0         #
#        Warnings: 0         #
#         Bytes: 15          #
##############################



